<?xml version="1.0" encoding="UTF-8"?>
<!-- Generated by org.testng.reporters.JUnitReportReporter -->
<testsuite hostname="D7F8G6D3" failures="0" tests="4" name="com.qa.amazon.tests.HomePageTest" time="14.790" errors="0" timestamp="13 May 2024 12:54:37 GMT" skipped="0">
  <testcase classname="com.qa.amazon.tests.HomePageTest" name="homePageUrlTest" time="0.002"/>
  <testcase classname="com.qa.amazon.tests.HomePageTest" name="homePageTitleTest" time="0.025"/>
  <testcase classname="com.qa.amazon.tests.HomePageTest" name="searchTest" time="8.752"/>
  <testcase classname="com.qa.amazon.tests.HomePageTest" name="searchTest" time="6.011"/>
</testsuite> <!-- com.qa.amazon.tests.HomePageTest -->
