<?xml version="1.0" encoding="UTF-8"?>
<!-- Generated by org.testng.reporters.JUnitReportReporter -->
<testsuite hostname="D7F8G6D3" failures="0" tests="5" name="com.qa.amazon.tests.HomePageTest" time="41.952" errors="1" timestamp="15 May 2024 10:39:41 GMT" skipped="4">
  <testcase classname="com.qa.amazon.tests.HomePageTest" name="homePageTitleTest" time="0.000">
    <skipped/>
  </testcase> <!-- homePageTitleTest -->
  <testcase classname="com.qa.amazon.tests.HomePageTest" name="searchTest" time="0.000">
    <skipped/>
  </testcase> <!-- searchTest -->
  <testcase classname="com.qa.amazon.tests.HomePageTest" name="setup" time="41.952">
    <error message="Error {
  message=&#039;Timeout 30000ms exceeded.
  name=&#039;TimeoutError
  stack=&#039;TimeoutError: Timeout 30000ms exceeded.
    at ProgressController.run (C:\Users\SnowTest\AppData\Local\Temp\playwright-java-13229904227539693035\package\lib\server\progress.js:87:26)
    at Frame.goto (C:\Users\SnowTest\AppData\Local\Temp\playwright-java-13229904227539693035\package\lib\server\frames.js:517:23)
    at FrameDispatcher.goto (C:\Users\SnowTest\AppData\Local\Temp\playwright-java-13229904227539693035\package\lib\server\dispatchers\frameDispatcher.js:81:119)
    at FrameDispatcher._handleCommand (C:\Users\SnowTest\AppData\Local\Temp\playwright-java-13229904227539693035\package\lib\server\dispatchers\dispatcher.js:94:40)
    at DispatcherConnection.dispatch (C:\Users\SnowTest\AppData\Local\Temp\playwright-java-13229904227539693035\package\lib\server\dispatchers\dispatcher.js:362:39)
}
Call log:
- navigating to &quot;https://www.amazon.in/&quot;, waiting until &quot;load&quot;
" type="com.microsoft.playwright.TimeoutError">
      <![CDATA[com.microsoft.playwright.TimeoutError: Error {
  message='Timeout 30000ms exceeded.
  name='TimeoutError
  stack='TimeoutError: Timeout 30000ms exceeded.
    at ProgressController.run (C:\Users\SnowTest\AppData\Local\Temp\playwright-java-13229904227539693035\package\lib\server\progress.js:87:26)
    at Frame.goto (C:\Users\SnowTest\AppData\Local\Temp\playwright-java-13229904227539693035\package\lib\server\frames.js:517:23)
    at FrameDispatcher.goto (C:\Users\SnowTest\AppData\Local\Temp\playwright-java-13229904227539693035\package\lib\server\dispatchers\frameDispatcher.js:81:119)
    at FrameDispatcher._handleCommand (C:\Users\SnowTest\AppData\Local\Temp\playwright-java-13229904227539693035\package\lib\server\dispatchers\dispatcher.js:94:40)
    at DispatcherConnection.dispatch (C:\Users\SnowTest\AppData\Local\Temp\playwright-java-13229904227539693035\package\lib\server\dispatchers\dispatcher.js:362:39)
}
Call log:
- navigating to "https://www.amazon.in/", waiting until "load"

at com.microsoft.playwright.impl.WaitableResult.get(WaitableResult.java:52)
at com.microsoft.playwright.impl.ChannelOwner.runUntil(ChannelOwner.java:120)
at com.microsoft.playwright.impl.Connection.sendMessage(Connection.java:129)
at com.microsoft.playwright.impl.ChannelOwner.sendMessage(ChannelOwner.java:106)
at com.microsoft.playwright.impl.FrameImpl.navigateImpl(FrameImpl.java:463)
at com.microsoft.playwright.impl.PageImpl.lambda$navigate$45(PageImpl.java:836)
at com.microsoft.playwright.impl.LoggingSupport.withLogging(LoggingSupport.java:47)
at com.microsoft.playwright.impl.ChannelOwner.withLogging(ChannelOwner.java:89)
at com.microsoft.playwright.impl.PageImpl.navigate(PageImpl.java:836)
at com.microsoft.playwright.impl.PageImpl.navigate(PageImpl.java:42)
at com.microsoft.playwright.Page.navigate(Page.java:5332)
at com.qa.amazon.factory.PlaywrightFactory.initBrowser(PlaywrightFactory.java:52)
at com.qa.amazon.base.BaseTest.setup(BaseTest.java:27)
at java.base/jdk.internal.reflect.DirectMethodHandleAccessor.invoke(DirectMethodHandleAccessor.java:103)
at java.base/java.lang.reflect.Method.invoke(Method.java:580)
at org.testng.internal.MethodInvocationHelper.invokeMethod(MethodInvocationHelper.java:124)
at org.testng.internal.MethodInvocationHelper.invokeMethodConsideringTimeout(MethodInvocationHelper.java:59)
at org.testng.internal.Invoker.invokeConfigurationMethod(Invoker.java:458)
at org.testng.internal.Invoker.invokeConfigurations(Invoker.java:222)
at org.testng.internal.Invoker.invokeConfigurations(Invoker.java:142)
at org.testng.TestRunner.beforeRun(TestRunner.java:529)
at org.testng.TestRunner.run(TestRunner.java:497)
at org.testng.SuiteRunner.runTest(SuiteRunner.java:455)
at org.testng.SuiteRunner.runSequentially(SuiteRunner.java:450)
at org.testng.SuiteRunner.privateRun(SuiteRunner.java:415)
at org.testng.SuiteRunner.run(SuiteRunner.java:364)
at org.testng.SuiteRunnerWorker.runSuite(SuiteRunnerWorker.java:52)
at org.testng.SuiteRunnerWorker.run(SuiteRunnerWorker.java:84)
at org.testng.TestNG.runSuitesSequentially(TestNG.java:1208)
at org.testng.TestNG.runSuitesLocally(TestNG.java:1137)
at org.testng.TestNG.runSuites(TestNG.java:1049)
at org.testng.TestNG.run(TestNG.java:1017)
at org.testng.remote.AbstractRemoteTestNG.run(AbstractRemoteTestNG.java:115)
at org.testng.remote.RemoteTestNG.initAndRun(RemoteTestNG.java:251)
at org.testng.remote.RemoteTestNG.main(RemoteTestNG.java:77)
Caused by: com.microsoft.playwright.TimeoutError: Error {
  message='Timeout 30000ms exceeded.
  name='TimeoutError
  stack='TimeoutError: Timeout 30000ms exceeded.
    at ProgressController.run (C:\Users\SnowTest\AppData\Local\Temp\playwright-java-13229904227539693035\package\lib\server\progress.js:87:26)
    at Frame.goto (C:\Users\SnowTest\AppData\Local\Temp\playwright-java-13229904227539693035\package\lib\server\frames.js:517:23)
    at FrameDispatcher.goto (C:\Users\SnowTest\AppData\Local\Temp\playwright-java-13229904227539693035\package\lib\server\dispatchers\frameDispatcher.js:81:119)
    at FrameDispatcher._handleCommand (C:\Users\SnowTest\AppData\Local\Temp\playwright-java-13229904227539693035\package\lib\server\dispatchers\dispatcher.js:94:40)
    at DispatcherConnection.dispatch (C:\Users\SnowTest\AppData\Local\Temp\playwright-java-13229904227539693035\package\lib\server\dispatchers\dispatcher.js:362:39)
}
Call log:
- navigating to "https://www.amazon.in/", waiting until "load"

at com.microsoft.playwright.impl.Connection.dispatch(Connection.java:254)
at com.microsoft.playwright.impl.Connection.processOneMessage(Connection.java:209)
at com.microsoft.playwright.impl.ChannelOwner.runUntil(ChannelOwner.java:118)
... 33 more
]]>
    </error>
  </testcase> <!-- setup -->
  <testcase classname="com.qa.amazon.tests.HomePageTest" name="homePageUrlTest" time="0.000">
    <skipped/>
  </testcase> <!-- homePageUrlTest -->
  <testcase classname="com.qa.amazon.tests.HomePageTest" name="searchTest" time="0.000">
    <skipped/>
  </testcase> <!-- searchTest -->
</testsuite> <!-- com.qa.amazon.tests.HomePageTest -->
